Microsoft (R) Help Compiler
HCRTF 4.03.0002
Copyright (c) Microsoft Corp 1990 - 1995. All rights reserved.
lab.hpj
    HC1002: Note: 
	Using existing phrase table: lab.ph.
    HC3025: Warning: topic #1 of d:\drozdov_a\for_work\C++\Win32_90.16\lab\lab\hlp\.\afxcore.rtf : 
	Jump to undefined Topic ID: "menu_record".
    HC3025: Warning: topic #3 of d:\drozdov_a\for_work\C++\Win32_90.16\lab\lab\hlp\.\afxcore.rtf : 
	Jump to undefined Topic ID: "HID_OLE_EDIT_LINKS".
    HC3025: Warning: topic #3 of d:\drozdov_a\for_work\C++\Win32_90.16\lab\lab\hlp\.\afxcore.rtf : 
	Jump to undefined Topic ID: "HID_EDIT_PASTE_LINK".
    HC3025: Warning: topic #3 of d:\drozdov_a\for_work\C++\Win32_90.16\lab\lab\hlp\.\afxcore.rtf : 
	Jump to undefined Topic ID: "HID_OLE_INSERT_NEW".
    HC1010: Note: 
	The following mapped Topic IDs were not used in any topic:
	HID_KT_ZONDUSTPARAM
	AFX_HIDP_UNREG_DONE
	HID_LABORATORY_AREOMETRGRANULAR_LOADFORM_NEW
	HID_ARCHIVE_GRAN_LOADFORM_EXISTING
	HID_KT_STATZOND_COMPUTE
	HID_EXCEL_EXECUTE
	HID_KT_ROZRIZLIST_DISCONNECTEXCEL
	HID_LABORATORY_PLOTNOSTCHASTIC_LOADFORM_EXISTING
	HID_LABLAYER_PASPORTNORMATIVES1
	HID_LABLAYER_PASPORTNORMATIVES2
	HID_LABLAYER_PASPORTNORMATIVES3
	HID_KT_STATZOND
	HID_LABORATORY_WL_SAVETODB
	HIDD_DIALOG_PROBGR_DBL_CLICK_MODE
	HID_ARCHIVE_LABORATORY_LOADFORM_NEW
	HID_COMPRESSION_PASPORT
	HID_KT_HYDROLIST_DISCONNECTEXCEL
	HID_EXCEL_AUTOMATICSAVEWHENDISCONNECT
	HID_LABORATORY_COMPRESSION_FILL
	HID_ARCHIVE_LABORATORY_SAVETODB
	HID_OBJECTS_INSERTTO3D
	HID_KT_TSZLIST_SAVETODB
	AFX_HIDP_GET_NOT_SUPPORTED
	HID_KT_DXFROZRIZLIST_LOADFORM_EXISTING
	HID_HT_OBJECT
	HID_LABORATORY_COMPRESSION_COMPUTE
	AFX_HIDP_SQL_BOOKMARKS_NOT_ENABLED
	HID_EXCEL_EXECUTE2
	HID_PROBYGRUNTA_LABNUMBERS_DISCONNECTEXCEL
	HID_ARCHIVE_GRAN_FILL_ALLLABN
	HID_KT_PALJA_DISCONNECTEXCEL
	HID_KT_KTLIST_SAVETODB
	HID_KT_DXFROZRIZLIST_SAVETODB
	HID_VIEW_PROPERTYWINDOWWITH_LABNUMBERTRIALLIST
	HID_ARCHIVE_DELETEALLFIZMEH
	HID_ARCHIVE_CUT_FILL_CUT
	HID_LABORATORY_PLOTNOSTGRUNTA_LOADFORM_NEW
	HID_RECORD_FIRST
	HID_EDIT_SELECT_ALL
	HID_PROBYGRUNTA_LABNUMBERS_LOADFORM_NEW
	HID_LABORATORY_VEGETABLEREMAINS_LOADFORM_EXISTING
	HID_VIEW_PROPERTYWINDOWWITH_NORMATIVESBYALLEXPERIENCES
	HID_LABORATORY_CUT_DISCONNECTEXCEL
	HIDD_DIALOG_PROB_GR_NEW
	HID_KT_STATZOND_LOADFORM_NEW
	HID_FILE_UPDATE
	HID_LABORATORY_AREOMETRGRANULAR_SAVETODB
	AFX_HIDW_RESIZE_BAR
	HID_LABORATORY_CUT_LOADFORM_NEW
	AFX_HIDP_SQL_NO_DATA_FOUND
	AFX_HIDP_SQL_EMPTY_COLUMN_LIST
	AFX_HIDP_SQL_ODBC_LOAD_FAILED
	HID_ARCHIVE_COMPRESSION_FILL2
	AFX_HIDP_FAILED_TO_CREATE
	HID_ARCHIVE_CASPGEO_LOADFORM_NEW
	HID_LABORATORY_W_DISCONNECTEXCEL
	HIDD_DIALOG_N_ROWS
	HIDR_TABLETYPE
	HID_KT_ROZRIZLIST_LOADFORM_NEW
	AFX_HIDD_BUSY
	AFX_HIDP_ARCH_NONE
	HID_ARCHIVE_LABORATORY_DISCONNECTEXCEL
	HID_RECORD_LAST
	HID_RECORD_NEXT
	HID_RECORD_PREV
	AFX_HIDD_OBJECTPROPERTIES
	HID_ARCHIVE_CASPGEO_LOADFORM_EXISTING
	HIDD_DIALOG_OBJECT
	HID_LABORATORY_COMPRESSION_LOADFORM_EXISTING
	AFX_HIDP_UNREG_FAILURE
	AFX_HIDP_SQL_BOOKMARKS_NOT_SUPPORTED
	HID_CUT_PASSPORTNEW
	HID_PROBYGRUNTA_DBLCLICKMODE
	AFX_HIDP_FILE_TOO_MANY_OPEN
	HIDD_DIALOG_PCK2FIZ
	HID_COMPRESSION_PASPORT2ASDIFFVYPROB
	HID_KT_PALJA_LOADFORM_NEW
	AFX_HIDP_SQL_FIELD_NOT_FOUND
	AFX_HIDP_FILE_ACCESS_DENIED
	HID_KT_DXFROZRIZLIST_LOADFORM_NEW
	HID_ARCHIVE_CASPGEO_DISCONNECTEXCEL
	HIDD_DIALOG1
	HID_FILE_SAVE_COPY_AS
	HID_PROBGR_NEWLABNUMBER
	HIDD_DIALOG_ZOND_UST_PARAM
	AFX_HIDD_CONVERT
	HID_EXCEL_KILL
	HID_EXCEL_LOAD
	HID_PROBGR_PASPORT_ALLPOSSIBLE
	HID_KT_KTLIST_LOADFORM_NEW
	HID_LABORATORY_PLOTNOSTGRUNTA_DISCONNECTEXCEL
	HID_ARCHIVE_CUT_FILL_CUTAS2COLOMNS
	AFX_HIDP_ASK_TO_DISCARD
	AFX_HIDP_SQL_FIELD_SCHEMA_MISMATCH
	AFX_HIDP_SQL_LOCK_MODE_NOT_SUPPORTED
	HID_ARCHIVE_DELETEALLGRANULARS
	HID_FORMAT_FONT
	AFX_HIDP_FILE_HARD_IO
	HIDP_OLE_INIT_FAILED
	HID_ARCHIVE_COMPRESSION_FILLALLLABN
	AFX_HIDD_CHANGESOURCE
	HID_ARCHIVE_COMPRESSION_FILLALLLABN2
	HID_LABORATORY_SANDGRANULAR_LOADFORM_NEW
	HID_LABORATORY_W_COMPUTE
	HID_ARCHIVE_COMPRESSION_SAVETODB
	AFX_HIDP_FILE_NOT_FOUND
	AFX_HIDW_DOCKBAR_TOP
	AFX_HIDP_DAO_DFX_BIND
	HID___LANGUAGE
	HID_LABORATORY_WL_LOADFORM_EXISTING
	HID_SOIL_PROPERTYWINDOW
	HID_KT_STATZOND_FILL
	AFX_HIDP_SQL_ODBC_V2_REQUIRED
	HID_OBJECTS_IMPORTOBJECT
	HID_KT_HYDROLIST_SAVETODB
	AFX_HIDP_SQL_NO_ROWS_AFFECTED
	HID_COMPRESSION_PASSPORT2ASMEAN
	HID_KT_TSZLIST_FILL
	HID_OLE_EDIT_CONVERT
	HID_PROBYGRUNTA_PASSPORTS_LANGUAGE
	HID_KT_STATZOND_DISCONNECTEXCEL
	HID_LABLAYER_CHASTNYE
	HID_ARCHIVE_COMPRESSION_FILL_ALLLABN_IF2THEN2
	AFX_HIDP_SQL_SQL_CONFORMANCE
	HID_ARCHIVE_GRAN_SAVETODB
	HID_KT_KTLIST_LOADFORM_EXISTING
	HID_LABORATORY_SANDGRANULAR_DISCONNECTEXCEL
	AFX_HIDD_INSERTOBJECT
	HID_KT_DXFROZRIZLIST_DISCONNECTEXCEL
	HID_KT_HYDROLIST_LOADFORM_EXISTING
	HID_PROBGR_PASPORT_OTNOSITDEFONGRAPH
	HID_LABORATORY_CUT_FILL
	AFX_HIDP_SQL_RECORDSET_READONLY
	HID_KT_PALJA_SAVETODB
	HID_ARCHIVE_COMPRESSION_DISCONNECTEXCEL
	HID_ARCHIVE_CUT_SAVETODB
	HID_ARCHIVE_DELETEALLCOMPRESSIONS
	HID_LABORATORY_AREOMETRGRANULAR_COMPUTE
	HID_LABORATORY_WL_DISCONNECTEXCEL
	AFX_HIDP_PARSE_RADIO_BUTTON
	HIDD_DIALOG_IGE
	HID_PROBGR_LABNUMBERS_SAVEIZMENENIJATODB
	HID_KT_ROZRIZLIST_FILL
	HID__EXPORTOBJECT
	HID_KT_KTLIST_DISCONNECTEXCEL
	HID_KT_ALLPALJA
	HID_GRANULAR_PASPORT
	HID_EDIT_PASTE_SPECIAL
	HID_LABORATORY_WL_COMPUTE
	AFX_HIDP_DAO_ROWTOOSHORT
	HID_VIEW_PROPERTYWINDOWWITH_RESULTS
	AFX_HIDP_SQL_INCORRECT_ODBC
	HID_LABORATORY_PLOTNOSTGRUNTA_SAVETODB_DIFFERENT_VYPROB
	AFX_HIDP_NO_ERROR_AVAILABLE
	HID_EXCEL_TODISSCONNECTWHENLOADFORM_G
	HID_EXCEL_TODISSCONNECTWHENLOADFORM_L
	HID_KT_PALJA_LOADFORM_EXISTING
	AFX_HIDW_DOCKBAR_BOTTOM
	HID_LABORATORY_WLP_DISCONNECTEXCEL
	HID_LABORATORY_WLP_COMPUTE
	HID_KT_HYDROLIST_LOADFORM_NEW
	AFX_HIDP_FILE_DIR_FULL
	HID_LABORATORY_GRANULAR_LOADFORM
	HID_LABORATORY_AREOMETRGRANULAR_DISCONNECTEXCEL
	HID_ARCHIVE_GRAN_DISCONNECTEXCEL
	HID_KT_PALJA_COMPUTE
	HID_ARCHIVE_LABORATORY_FILL
	HID_KT_DXFROZRIZLIST_FILL
	AFX_HIDP_DAO_BADBINDINFO
	AFX_HIDP_SQL_UPDATE_DELETE_FAILED
	AFX_HIDP_PARSE_DATETIME
	HID_OLE_EDIT_CHANGE_ICON
	HID_LABORATORY_PLOTNOSTCHASTIC1_DISCONNECTEXCEL
	AFX_HIDP_ARCH_ENDOFFILE
	HID_LABORATORY_W_SAVETODB
	HID_EXCEL_RELEASE
	AFX_HIDP_SQL_SQL_NO_TOTAL
	AFX_HIDP_SQL_CONNECT_FAIL
	HID_COMPRESSION_PASSPORT1
	AFX_HIDP_SQL_API_CONFORMANCE
	HID_OLE_EDIT_PROPERTIES
	AFX_HIDP_FILE_DISKFULL
	HID_LABORATORY_WLP_LOADFORM_EXISTING
	HID_LABLAYER_PROPERTYWINDOW
	HID_KT_PALJA_FILL
	HID_FILE_3D
	HIDD_DIALOG_STAT_ZOND
	AFX_HIDW_DOCKBAR_LEFT
	HID_EXCEL_AUTOMATICSAVEWHENDISSCONNECTL
	AFX_HIDP_FILE_REMOVE_CURRENT
	AFX_HIDP_ARCH_BADCLASS
	AFX_HIDP_SQL_NO_POSITIONED_UPDATES
	HID_KT_STATZOND_LOADFORM_EXISTING
	HID_OLE_VERB_1
	HID_OLE_VERB_1
	HID_OLE_VERB_1
	HID_OLE_VERB_1
	HID_OLE_VERB_1
	HID_OLE_VERB_1
	HID_OLE_VERB_1
	HID_OLE_VERB_1
	HID_OLE_VERB_1
	HID_OLE_VERB_1
	HID_OLE_VERB_1
	HID_OLE_VERB_1
	HID_OLE_VERB_1
	HID_OLE_VERB_1
	HID_OLE_VERB_1
	HID_OLE_VERB_1
	AFX_HIDP_ARCH_BADINDEX
	HID_LABORATORY_PLOTNOSTCHASTIC1_LOADFORM_EXISTING
	HID_PROBYGRUNTA_LABNUMBERS_FILL
	HID_WIZBACK
	HID_WIZNEXT
	HIDR_3DTYPE
	HID_LABLAYER_PASPORT
	AFX_HIDP_PARSE_CURRENCY
	HID_OBJECTS_NABORIGE
	AFX_HIDP_FILE_NONE
	AFX_HIDP_FAILED_TO_CONVERT
	HID_PROBGR_PASPORT_LANGUAGE
	HID_CUT_PASPORT
	HID_HELP_FINDER
	HIDR_MENU1
	HIDD_DIALOG_SOIL_NAME
	AFX_HIDP_FILE_EOF
	HID_KT_TSZLIST_LOADFORM_NEW
	HID_ARCHIVE_CUT_FILL_ALLLABN2
	HID_LABORATORY_CUT_SAVETODB
	AFX_HIDP_FILE_LOCKING
	AFX_HIDP_SQL_ILLEGAL_MODE
	HID_ARCHIVE_CUT_LOADFORM_EXISTING
	AFX_HIDD_PREVIEW_TOOLBAR
	HID_LABORATORY_VEGETABLEREMAINS_LOADFORM_NEW
	HID_LABORATORY_PLOTNOSTCHASTIC_SAVETODB
	HID_FILE_ODBCCONNECT
	HID_LABORATORY_AREOMETRGRANULAR_LOADFORM_EXISTING
	AFX_HIDP_SQL_NO_CURRENT_RECORD
	HID_ARCHIVE_CUT_FILL_ALLLABNAS2COLOMNS
	AFX_HIDP_FILE_BAD_PATH
	AFX_HIDP_FILE_BAD_SEEK
	HID_OBJECTS_SETNABORGRUNTOV
	HIDD_ENGEO_FORM
	HID_LABORATORY_W_LOADFORM_NEW
	AFX_HIDP_SQL_ROW_UPDATE_NOT_SUPPORTED
	HIDD_DIALOG_REPEATINGS
	HID_LABORATORY_W_LOADFORM_EXISTING
	HID_KT_ROZRIZLIST_SAVETODB
	AFX_HIDP_FAILED_MAPI_LOAD
	AFX_HIDP_FAILED_MAPI_SEND
	HID_LABORATORY_W_SAVETODB_DIFFERENT_VYPROB
	HID_LABORATORY_WLP_LOADFORM_NEW
	AFX_HIDP_FILE_SHARING
	HID_LABORATORY_VEGETABLEREMAINS_DISCONNECTEXCEL
	HID_COMPRESSION_PASPORT2AS1
	HID_FILE_ODBCDISCONNECT
	HID_LABORATORY_COMPRESSION_LOADFORM_NEW
	HID_KT_PCK2FIZ
	HID_VIEW_PROPERTYWINDOWWITH_NORMATIVES
	HID_FILE_PRINT_DIRECT
	HID_LABORATORY_SANDGRANULAR_SAVETODB
	HIDR_GEOTYPE
	HIDD_DIALOG_PALJA
	HID_LABORATORY_PLOTNOSTCHASTIC1_LOADFORM_NEW
	HID_LABORATORY_VEGETABLEREMAINS_COMPUTE
	HID_ARCHIVE_CASPGEO_SAVETODB
	HID_KT_TSZLIST_DISCONNECTEXCEL
	AFX_HIDP_DLL_LOAD_FAILED
	AFX_HIDP_SQL_DYNASET_NOT_SUPPORTED
	HID_LABORATORY_VEGETABLEREMAINS_SAVETODB
	HID_LABORATORY_PLOTNOSTGRUNTA_LOADFORM_EXISTING
	HID_ARCHIVE_LABORATORY_LOADFORM_EXISTING
	HID_LABORATORY_PLOTNOSTCHASTIC1_SAVETODB
	AFX_HIDP_SQL_ROW_FETCH
	HID_KT_KTLIST_SAVEANDRENAME
	HID_PROBGR_IGEAUTOFILL
	HID_LABORATORY_PLOTNOSTCHASTIC_LOADFORM_NEW
	HID_LABORATORY_SANDGRANULAR_COMPUTE
	HID_PROBYGRUNTA_PASSPORTS_OTNOSITDEFONGRAPH
	AFX_HIDP_SET_NOT_SUPPORTED
	AFX_HIDD_CHANGEICON
	HID_ARCHIVE_GRAN_FILL_GRAN
	AFX_HIDP_DLL_BAD_VERSION
	AFX_HIDP_ARCH_BADSCHEMA
	HID_ARCHIVE_COMPRESSION_FILL
	AFX_HIDD_FILEBROWSE
	HID_VIEW_PROPERTYWINDOWWITH_PLOT
	HIDD_DIALOG_LANGUAGE
	HID_PROBGR_SOILNAME
	HID_KT_PALJA
	HID_LABORATORY_PLOTNOSTGRUNTA_SAVETODB
	HID_VIEW_PROPERTYWINDOWWITH_CORRELATION
	HID_PROBGR_EXCLUDEDTRIALLIST
	HID_LABORATORY_WLP_SAVETODB
	HID_KT_KTLIST_FILL
	HID_PROBYGRUNTA_LABNUMBERS_SAVETODB
	HID_LABORATORY_CUT_LOADFORM_EXISTING
	HID_GRANULAR_PASSPORTNEW
	AFX_HIDD_EDITLINKS
	HIDD_DIALOG_NABOR_GRUNTOV_SETTING
	AFX_HIDP_SQL_DATA_TRUNCATED
	HID_ARCHIVE_COMPRESSION_LOADFORM_NEW
	HIDD_DIALOG_COPY_GRUNTY
	HID_HT_HELP
	HID_KT_ROZRIZLIST_LOADFORM_EXISTING
	HIDD_LAB_FORM
	HID_WIZFINISH
	HID_OBJECTS_COPYGRUNTY
	HID_ARCHIVE_CUT_DISCONNECTEXCEL
	AFX_HIDP_INVALID_MAPI_DLL
	AFX_HIDD_PREVIEW_SHORTTOOLBAR
	AFX_HIDP_DAO_OBJECT_NOT_OPEN
	HID_LABORATORY_CUT_COMPUTE
	HID_LABORATORY_PLOTNOSTCHASTIC_DISCONNECTEXCEL
	AFX_HIDP_ARCH_WRITEONLY
	HID_LABORATORY_COMPRESSION_SAVETODB
	HID_OLE_EDIT_LINKS
	HID_ARCHIVE_CUT_LOADFORM_NEW
	AFX_HIDP_SQL_MULTIPLE_ROWS_AFFECTED
	HID_EDIT_PASTE_LINK
	AFX_HIDP_DAO_ENGINE_INITIALIZATION
	HID_LABORATORY_PLOTNOSTGRUNTA_COMPUTE
	AFX_HIDW_DOCKBAR_FLOAT
	AFX_HIDW_DOCKBAR_RIGHT
	AFX_HIDP_PARSE_BYTE
	AFX_HIDP_PARSE_UINT
	AFX_HIDP_ARCH_GENERIC
	HID_LABORATORY_WL_LOADFORM_NEW
	HID_KT_TSZLIST_LOADFORM_EXISTING
	AFX_HIDP_SQL_SNAPSHOT_NOT_SUPPORTED
	AFX_HIDD_PASTESPECIAL
	AFX_HIDP_FILE_GENERIC
	HID_ARCHIVE_CASPGEO_FILL
	HID_PROBYGRUNTA_LABNUMBERS_LOADFORM_EXISTING
	AFX_HIDP_FILE_INVALID_FILE
	HID_HT_CLOSE
	HIDD_DIALOG_LAB_ELEMENTS
	HID_PROBYGRUNTA_LABNUMBERS_SAVEIZMENENIJATODB
	HID_PROBGR_CLASSIFICATION
	AFX_HIDP_ARCH_READONLY
	HID_ARCHIVE_COMPRESSION_LOADFORM_EXISTING
	HID_PROBGR_SOILAUTONAMES
	AFX_HIDP_SQL_RECORDSET_FORWARD_ONLY
	HID_OLE_INSERT_NEW
	AFX_HIDP_SQL_DYNAMIC_CURSOR_NOT_SUPPORTED
	HID_ARCHIVE_CUT_FILL_ALLLABN
	HID_ARCHIVE_DELETEALLCUTS
	HID_LABORATORY_SANDGRANULAR_LOADFORM_EXISTING
	HID_FILE_DELETEOBJECT
	HID_LABORATORY_COMPRESSION_DISCONNECTEXCEL
	HID_LABORATORY_PLOTNOSTCHASTIC_COMPUTE
	HID_KT_STATZOND_SAVETODB
	AFX_HIDP_DAO_COLUMNUNAVAILABLE
	HID_LABORATORY_REPEATINGS
	HID_EXCEL_EXECUTE__2
	HID_ARCHIVE_GRAN_LOADFORM_NEW
72	Topics
48	Jumps
16	Keywords
21	Bitmaps


Created d:\drozdov_a\for_work\C++\Win32_90.16\lab\lab\hlp\lab.HLP, 38,926 bytes
Bitmaps: 5,348 bytes
Phrase+Zeck compression decreased help file by 13,866 bytes.
Compile time: 0 minutes, 0 seconds
2 notes, 4 warnings
