Microsoft (R) Help Compiler
HCRTF 4.03.0002
Copyright (c) Microsoft Corp 1990 - 1995. All rights reserved.
graphs.hpj
    HC1002: Note: 
	Using existing phrase table: Graphs.ph.
    HC3025: Warning: topic #1 of D:\C++\Lag\Lags\Lag13\hlp\.\afxcore.rtf : 
	Jump to undefined Topic ID: "menu_record".
    HC3025: Warning: topic #3 of D:\C++\Lag\Lags\Lag13\hlp\.\afxcore.rtf : 
	Jump to undefined Topic ID: "HID_OLE_EDIT_LINKS".
    HC3025: Warning: topic #3 of D:\C++\Lag\Lags\Lag13\hlp\.\afxcore.rtf : 
	Jump to undefined Topic ID: "HID_EDIT_PASTE_LINK".
    HC3025: Warning: topic #3 of D:\C++\Lag\Lags\Lag13\hlp\.\afxcore.rtf : 
	Jump to undefined Topic ID: "HID_OLE_INSERT_NEW".
72	Topics
48	Jumps
16	Keywords
21	Bitmaps


Created D:\C++\Lag\Lags\Lag13\hlp\Graphs.HLP, 37,921 bytes
Bitmaps: 5,348 bytes
Phrase+Zeck compression decreased help file by 13,866 bytes.
Compile time: 0 minutes, 0 seconds
1 note, 4 warnings
