This file contains any messages produced by compilers while
running configure, to aid debugging if configure makes a mistake.

It was created by dime configure 0.9.1, which was
generated by GNU Autoconf 2.57.  Invocation command line was

  $ ./configure 

## --------- ##
## Platform. ##
## --------- ##

hostname = lesha
uname -m = i686
uname -r = 1.5.19(0.150/4/2)
uname -s = CYGWIN_NT-5.1
uname -v = 2006-01-20 13:28

/usr/bin/uname -p = unknown
/bin/uname -X     = unknown

/bin/arch              = unknown
/usr/bin/arch -k       = unknown
/usr/convex/getsysinfo = unknown
hostinfo               = unknown
/bin/machine           = unknown
/usr/bin/oslevel       = unknown
/bin/universe          = unknown

PATH: /usr/local/bin
PATH: /usr/bin
PATH: /bin
PATH: /usr/X11R6/bin
PATH: /cygdrive/c/WINDOWS/system32
PATH: /cygdrive/c/WINDOWS
PATH: /cygdrive/c/WINDOWS/system32/WBEM
PATH: /cygdrive/c/Program Files/ChemOffice2002/Common/DLLs
PATH: /cygdrive/c/arc
PATH: /cygdrive/c/Program Files/ATI Technologies/ATI Control Panel
PATH: /cygdrive/c/Program Files/GPS Pathfinder Office 2.90
PATH: /cygdrive/c/md_soft/gromacs/bin
PATH: /cygdrive/c/Program Files/GPS Pathfinder Office 3.00


## ----------- ##
## Core tests. ##
## ----------- ##

configure:1523: checking build system type
configure:1541: result: i686-pc-cygwin
configure:1549: checking host system type
configure:1563: result: i686-pc-cygwin
configure:1571: checking target system type
configure:1585: result: i686-pc-cygwin
configure:1682: sim_ac_wrapmsvc=/cygdrive/d/Drozdov/C/Lag/dxf/www.coin3d.org/dime-latest/dime/cfg/wrapmsvc.exe
configure:1683: checking setup for wrapmsvc.exe
Win32 API FATAL ERROR, CreateProcess("cl.exe", ...:
	Не удается найти указанный файл.
configure:1697: result: not working
configure:1722: error: aborting

## ---------------- ##
## Cache variables. ##
## ---------------- ##

ac_cv_build=i686-pc-cygwin
ac_cv_build_alias=i686-pc-cygwin
ac_cv_env_CC_set=
ac_cv_env_CC_value=
ac_cv_env_CFLAGS_set=
ac_cv_env_CFLAGS_value=
ac_cv_env_CPPFLAGS_set=
ac_cv_env_CPPFLAGS_value=
ac_cv_env_CPP_set=
ac_cv_env_CPP_value=
ac_cv_env_CXXCPP_set=
ac_cv_env_CXXCPP_value=
ac_cv_env_CXXFLAGS_set=
ac_cv_env_CXXFLAGS_value=
ac_cv_env_CXX_set=
ac_cv_env_CXX_value=
ac_cv_env_F77_set=
ac_cv_env_F77_value=
ac_cv_env_FFLAGS_set=
ac_cv_env_FFLAGS_value=
ac_cv_env_LDFLAGS_set=
ac_cv_env_LDFLAGS_value=
ac_cv_env_build_alias_set=
ac_cv_env_build_alias_value=
ac_cv_env_host_alias_set=
ac_cv_env_host_alias_value=
ac_cv_env_target_alias_set=
ac_cv_env_target_alias_value=
ac_cv_host=i686-pc-cygwin
ac_cv_host_alias=i686-pc-cygwin
ac_cv_target=i686-pc-cygwin
ac_cv_target_alias=i686-pc-cygwin

## ----------------- ##
## Output variables. ##
## ----------------- ##

ACLOCAL=''
AMDEPBACKSLASH=''
AMDEP_FALSE=''
AMDEP_TRUE=''
AMTAR=''
AR=''
AUTOCONF=''
AUTOHEADER=''
AUTOMAKE=''
AWK=''
BUILD_WITH_MSVC='false'
BUILD_WITH_MSVC_FALSE=''
BUILD_WITH_MSVC_TRUE=''
CC=''
CCDEPMODE=''
CFLAGS=''
CPP=''
CPPFLAGS=''
CXX=''
CXXCPP=''
CXXDEPMODE=''
CXXFLAGS=''
CYGPATH_W=''
DEFS=''
DEPDIR=''
DIME_BETA_VERSION='1'
DIME_BINARY_AGE='0'
DIME_COMPILER=''
DIME_DSP_DEFS=''
DIME_DSP_INCS=''
DIME_DSP_LIBS=''
DIME_EXTRA_CFLAGS=''
DIME_EXTRA_CPPFLAGS=''
DIME_EXTRA_CXXFLAGS=''
DIME_EXTRA_LDFLAGS=''
DIME_EXTRA_LIBS=''
DIME_INTERFACE_AGE='0'
DIME_MAJOR_VERSION='0'
DIME_MICRO_VERSION='1'
DIME_MINOR_VERSION='9'
DIME_MSVC_LIBC=''
DIME_VERSION='0.9.1'
ECHO='echo'
ECHO_C=''
ECHO_N='-n'
ECHO_T=''
EGREP=''
EXEEXT=''
F77=''
FFLAGS=''
INSTALL_DATA=''
INSTALL_PROGRAM=''
INSTALL_SCRIPT=''
INSTALL_STRIP_PROGRAM=''
LDFLAGS=''
LIBFLAGS=''
LIBOBJS=''
LIBS=''
LIBTOOL=''
LN_S=''
LTLIBOBJS=''
LT_AGE=''
LT_CURRENT=''
LT_RELEASE=''
LT_REVISION=''
MAINT=''
MAINTAINER_MODE_FALSE=''
MAINTAINER_MODE_TRUE=''
MAKEINFO=''
OBJEXT=''
PACKAGE=''
PACKAGE_BUGREPORT='dime-support@coin3d.org'
PACKAGE_NAME='dime'
PACKAGE_STRING='dime 0.9.1'
PACKAGE_TARNAME='dime'
PACKAGE_VERSION='0.9.1'
PATH_SEPARATOR=':'
RANLIB=''
SET_MAKE=''
SHELL='/bin/sh'
STRIP=''
SUFFIX=''
VERSION='0.9.1'
ac_ct_AR=''
ac_ct_CC=''
ac_ct_CXX=''
ac_ct_F77=''
ac_ct_RANLIB=''
ac_ct_STRIP=''
am__fastdepCC_FALSE=''
am__fastdepCC_TRUE=''
am__fastdepCXX_FALSE=''
am__fastdepCXX_TRUE=''
am__include=''
am__leading_dot=''
am__quote=''
bindir='${exec_prefix}/bin'
build='i686-pc-cygwin'
build_alias=''
build_cpu='i686'
build_os='cygwin'
build_vendor='pc'
datadir='${prefix}/share'
exec_prefix='NONE'
host='i686-pc-cygwin'
host_alias=''
host_cpu='i686'
host_os='cygwin'
host_vendor='pc'
includedir='${prefix}/include'
infodir='${prefix}/info'
install_sh=''
libdir='${exec_prefix}/lib'
libexecdir='${exec_prefix}/libexec'
localstatedir='${prefix}/var'
mandir='${prefix}/man'
oldincludedir='/usr/include'
prefix='NONE'
program_transform_name='s%x%x%'
sbindir='${exec_prefix}/sbin'
sharedstatedir='${prefix}/com'
sysconfdir='${prefix}/etc'
target='i686-pc-cygwin'
target_alias=''
target_cpu='i686'
target_os='cygwin'
target_vendor='pc'

## ----------- ##
## confdefs.h. ##
## ----------- ##

#define PACKAGE_BUGREPORT "dime-support@coin3d.org"
#define PACKAGE_NAME "dime"
#define PACKAGE_STRING "dime 0.9.1"
#define PACKAGE_TARNAME "dime"
#define PACKAGE_VERSION "0.9.1"

configure: exit 1
